<?xml version="1.0" encoding="UTF-8"?>
<testsuite name="models.RectangleTest" tests="5" skipped="0" failures="0" errors="0" timestamp="2021-09-03T09:16:44" hostname="chepkemoi-HP-Laptop-15-bs0xx" time="0.131">
  <properties/>
  <testcase name="newRectangle_getsLength_2()" classname="models.RectangleTest" time="0.108"/>
  <testcase name="isSquare_allSidesEqual_true()" classname="models.RectangleTest" time="0.009"/>
  <testcase name="newRectangle_instantiatesCorrectly()" classname="models.RectangleTest" time="0.001"/>
  <testcase name="isSquare_whenNotASquare_false()" classname="models.RectangleTest" time="0.002"/>
  <testcase name="newRectangle_getsWidth()" classname="models.RectangleTest" time="0.001"/>
  <system-out><![CDATA[]]></system-out>
  <system-err><![CDATA[]]></system-err>
</testsuite>
